<?xml version="1.0" encoding="UTF-8"?>
<coverage generated="1619477287393" clover="3.2.0">
  <project timestamp="1619477287394" name="All files">
    <metrics statements="133" coveredstatements="71" conditionals="36" coveredconditionals="18" methods="65" coveredmethods="28" elements="234" coveredelements="117" complexity="0" loc="133" ncloc="133" packages="3" files="16" classes="16"/>
    <package name="components">
      <metrics statements="86" coveredstatements="31" conditionals="10" coveredconditionals="2" methods="43" coveredmethods="12"/>
      <file name="App.js" path="/Users/learnacademy/Desktop/pokedeck_capstone_app/app/javascript/components/App.js">
        <metrics statements="81" coveredstatements="26" conditionals="10" coveredconditionals="2" methods="43" coveredmethods="12"/>
        <line num="25" count="3" type="stmt"/>
        <line num="26" count="3" type="stmt"/>
        <line num="38" count="3" type="cond" truecount="1" falsecount="1"/>
        <line num="39" count="0" type="stmt"/>
        <line num="40" count="0" type="stmt"/>
        <line num="42" count="3" type="stmt"/>
        <line num="43" count="3" type="stmt"/>
        <line num="44" count="3" type="stmt"/>
        <line num="47" count="3" type="stmt"/>
        <line num="48" count="3" type="stmt"/>
        <line num="50" count="3" type="stmt"/>
        <line num="53" count="3" type="stmt"/>
        <line num="56" count="0" type="stmt"/>
        <line num="60" count="3" type="stmt"/>
        <line num="61" count="0" type="stmt"/>
        <line num="63" count="0" type="stmt"/>
        <line num="66" count="0" type="stmt"/>
        <line num="67" count="0" type="stmt"/>
        <line num="70" count="0" type="stmt"/>
        <line num="74" count="3" type="stmt"/>
        <line num="75" count="0" type="stmt"/>
        <line num="79" count="0" type="stmt"/>
        <line num="80" count="0" type="cond" truecount="0" falsecount="2"/>
        <line num="81" count="0" type="stmt"/>
        <line num="83" count="0" type="stmt"/>
        <line num="86" count="0" type="stmt"/>
        <line num="87" count="0" type="stmt"/>
        <line num="88" count="0" type="stmt"/>
        <line num="89" count="0" type="stmt"/>
        <line num="90" count="0" type="stmt"/>
        <line num="93" count="0" type="stmt"/>
        <line num="97" count="3" type="stmt"/>
        <line num="98" count="0" type="stmt"/>
        <line num="102" count="0" type="stmt"/>
        <line num="103" count="0" type="cond" truecount="0" falsecount="2"/>
        <line num="104" count="0" type="stmt"/>
        <line num="106" count="0" type="stmt"/>
        <line num="109" count="0" type="stmt"/>
        <line num="110" count="0" type="stmt"/>
        <line num="111" count="0" type="stmt"/>
        <line num="112" count="0" type="stmt"/>
        <line num="115" count="0" type="stmt"/>
        <line num="119" count="3" type="stmt"/>
        <line num="120" count="3" type="stmt"/>
        <line num="122" count="3" type="stmt"/>
        <line num="125" count="3" type="stmt"/>
        <line num="128" count="0" type="stmt"/>
        <line num="132" count="3" type="stmt"/>
        <line num="133" count="3" type="stmt"/>
        <line num="135" count="3" type="stmt"/>
        <line num="138" count="3" type="stmt"/>
        <line num="141" count="0" type="stmt"/>
        <line num="145" count="3" type="stmt"/>
        <line num="146" count="0" type="stmt"/>
        <line num="148" count="0" type="stmt"/>
        <line num="149" count="0" type="stmt"/>
        <line num="152" count="0" type="stmt"/>
        <line num="153" count="0" type="stmt"/>
        <line num="156" count="0" type="stmt"/>
        <line num="160" count="3" type="stmt"/>
        <line num="161" count="0" type="stmt"/>
        <line num="162" count="0" type="stmt"/>
        <line num="170" count="0" type="cond" truecount="0" falsecount="2"/>
        <line num="171" count="0" type="stmt"/>
        <line num="173" count="0" type="stmt"/>
        <line num="176" count="0" type="stmt"/>
        <line num="179" count="0" type="stmt"/>
        <line num="191" count="12" type="stmt"/>
        <line num="192" count="12" type="stmt"/>
        <line num="196" count="12" type="stmt"/>
        <line num="216" count="0" type="stmt"/>
        <line num="218" count="0" type="stmt"/>
        <line num="221" count="0" type="stmt"/>
        <line num="222" count="0" type="stmt"/>
        <line num="223" count="0" type="stmt"/>
        <line num="229" count="0" type="stmt"/>
        <line num="230" count="0" type="stmt"/>
        <line num="232" count="0" type="stmt"/>
        <line num="236" count="0" type="stmt"/>
        <line num="237" count="0" type="stmt"/>
        <line num="238" count="0" type="stmt"/>
      </file>
      <file name="mockBinderSleeves.js" path="/Users/learnacademy/Desktop/pokedeck_capstone_app/app/javascript/components/mockBinderSleeves.js">
        <metrics statements="1" coveredstatements="1" conditionals="0" coveredconditionals="0" methods="0" coveredmethods="0"/>
        <line num="1" count="1" type="stmt"/>
      </file>
      <file name="mockData.js" path="/Users/learnacademy/Desktop/pokedeck_capstone_app/app/javascript/components/mockData.js">
        <metrics statements="1" coveredstatements="1" conditionals="0" coveredconditionals="0" methods="0" coveredmethods="0"/>
        <line num="1" count="1" type="stmt"/>
      </file>
      <file name="mockRankings.js" path="/Users/learnacademy/Desktop/pokedeck_capstone_app/app/javascript/components/mockRankings.js">
        <metrics statements="1" coveredstatements="1" conditionals="0" coveredconditionals="0" methods="0" coveredmethods="0"/>
        <line num="1" count="1" type="stmt"/>
      </file>
      <file name="mockUserRanking.js" path="/Users/learnacademy/Desktop/pokedeck_capstone_app/app/javascript/components/mockUserRanking.js">
        <metrics statements="1" coveredstatements="1" conditionals="0" coveredconditionals="0" methods="0" coveredmethods="0"/>
        <line num="1" count="1" type="stmt"/>
      </file>
      <file name="mockUsers.js" path="/Users/learnacademy/Desktop/pokedeck_capstone_app/app/javascript/components/mockUsers.js">
        <metrics statements="1" coveredstatements="1" conditionals="0" coveredconditionals="0" methods="0" coveredmethods="0"/>
        <line num="1" count="1" type="stmt"/>
      </file>
    </package>
    <package name="components.components">
      <metrics statements="14" coveredstatements="10" conditionals="14" coveredconditionals="7" methods="5" coveredmethods="2"/>
      <file name="Footer.js" path="/Users/learnacademy/Desktop/pokedeck_capstone_app/app/javascript/components/components/Footer.js">
        <metrics statements="1" coveredstatements="1" conditionals="0" coveredconditionals="0" methods="1" coveredmethods="1"/>
        <line num="9" count="1" type="stmt"/>
      </file>
      <file name="Header.js" path="/Users/learnacademy/Desktop/pokedeck_capstone_app/app/javascript/components/components/Header.js">
        <metrics statements="13" coveredstatements="9" conditionals="14" coveredconditionals="7" methods="4" coveredmethods="1"/>
        <line num="22" count="2" type="stmt"/>
        <line num="23" count="1" type="stmt"/>
        <line num="24" count="1" type="stmt"/>
        <line num="25" count="1" type="stmt"/>
        <line num="38" count="1" type="stmt"/>
        <line num="41" count="1" type="stmt"/>
        <line num="42" count="0" type="stmt"/>
        <line num="43" count="0" type="stmt"/>
        <line num="46" count="1" type="stmt"/>
        <line num="47" count="0" type="stmt"/>
        <line num="48" count="0" type="stmt"/>
        <line num="61" count="1" type="stmt"/>
        <line num="156" count="2" type="stmt"/>
      </file>
    </package>
    <package name="components.pages">
      <metrics statements="33" coveredstatements="30" conditionals="12" coveredconditionals="9" methods="17" coveredmethods="14"/>
      <file name="AboutUs.js" path="/Users/learnacademy/Desktop/pokedeck_capstone_app/app/javascript/components/pages/AboutUs.js">
        <metrics statements="2" coveredstatements="2" conditionals="0" coveredconditionals="0" methods="1" coveredmethods="1"/>
        <line num="6" count="2" type="stmt"/>
        <line num="8" count="1" type="stmt"/>
      </file>
      <file name="BinderShow.js" path="/Users/learnacademy/Desktop/pokedeck_capstone_app/app/javascript/components/pages/BinderShow.js">
        <metrics statements="11" coveredstatements="11" conditionals="6" coveredconditionals="4" methods="4" coveredmethods="4"/>
        <line num="12" count="2" type="stmt"/>
        <line num="13" count="2" type="stmt"/>
        <line num="17" count="2" type="stmt"/>
        <line num="19" count="1" type="stmt"/>
        <line num="20" count="1" type="stmt"/>
        <line num="24" count="1" type="stmt"/>
        <line num="25" count="1" type="stmt"/>
        <line num="26" count="1" type="cond" truecount="1" falsecount="1"/>
        <line num="27" count="1" type="stmt"/>
        <line num="33" count="3" type="stmt"/>
        <line num="36" count="3" type="stmt"/>
      </file>
      <file name="CardShow.js" path="/Users/learnacademy/Desktop/pokedeck_capstone_app/app/javascript/components/pages/CardShow.js">
        <metrics statements="2" coveredstatements="2" conditionals="0" coveredconditionals="0" methods="1" coveredmethods="1"/>
        <line num="7" count="1" type="stmt"/>
        <line num="9" count="1" type="stmt"/>
      </file>
      <file name="Home.js" path="/Users/learnacademy/Desktop/pokedeck_capstone_app/app/javascript/components/pages/Home.js">
        <metrics statements="3" coveredstatements="3" conditionals="2" coveredconditionals="2" methods="2" coveredmethods="2"/>
        <line num="24" count="2" type="stmt"/>
        <line num="27" count="2" type="stmt"/>
        <line num="34" count="2" type="stmt"/>
      </file>
      <file name="NotFound.js" path="/Users/learnacademy/Desktop/pokedeck_capstone_app/app/javascript/components/pages/NotFound.js">
        <metrics statements="1" coveredstatements="1" conditionals="0" coveredconditionals="0" methods="1" coveredmethods="1"/>
        <line num="9" count="1" type="stmt"/>
      </file>
      <file name="Rankings.js" path="/Users/learnacademy/Desktop/pokedeck_capstone_app/app/javascript/components/pages/Rankings.js">
        <metrics statements="4" coveredstatements="3" conditionals="2" coveredconditionals="1" methods="2" coveredmethods="1"/>
        <line num="7" count="1" type="stmt"/>
        <line num="13" count="1" type="stmt"/>
        <line num="14" count="1" type="stmt"/>
        <line num="27" count="0" type="stmt"/>
      </file>
      <file name="Splash.js" path="/Users/learnacademy/Desktop/pokedeck_capstone_app/app/javascript/components/pages/Splash.js">
        <metrics statements="7" coveredstatements="5" conditionals="0" coveredconditionals="0" methods="4" coveredmethods="2"/>
        <line num="11" count="1" type="stmt"/>
        <line num="13" count="1" type="stmt"/>
        <line num="17" count="1" type="stmt"/>
        <line num="18" count="1" type="stmt"/>
        <line num="21" count="0" type="stmt"/>
        <line num="25" count="0" type="stmt"/>
        <line num="29" count="1" type="stmt"/>
      </file>
      <file name="UserCardIndex.js" path="/Users/learnacademy/Desktop/pokedeck_capstone_app/app/javascript/components/pages/UserCardIndex.js">
        <metrics statements="3" coveredstatements="3" conditionals="2" coveredconditionals="2" methods="2" coveredmethods="2"/>
        <line num="14" count="2" type="stmt"/>
        <line num="20" count="6" type="stmt"/>
        <line num="21" count="6" type="stmt"/>
      </file>
    </package>
  </project>
</coverage>
