<?xml version="1.0" encoding="UTF-8"?>
<coverage generated="1618944926128" clover="3.2.0">
  <project timestamp="1618944926128" name="All files">
    <metrics statements="49" coveredstatements="33" conditionals="18" coveredconditionals="11" methods="26" coveredmethods="12" elements="93" coveredelements="56" complexity="0" loc="49" ncloc="49" packages="3" files="16" classes="16"/>
    <package name="components">
      <metrics statements="20" coveredstatements="9" conditionals="2" coveredconditionals="1" methods="10" coveredmethods="2"/>
      <file name="App.js" path="/Users/learnacademy/Desktop/pokedeck_capstone_app/app/javascript/components/App.js">
        <metrics statements="16" coveredstatements="5" conditionals="2" coveredconditionals="1" methods="10" coveredmethods="2"/>
        <line num="25" count="2" type="stmt"/>
        <line num="26" count="2" type="stmt"/>
        <line num="42" count="2" type="stmt"/>
        <line num="43" count="2" type="stmt"/>
        <line num="44" count="2" type="stmt"/>
        <line num="57" count="0" type="stmt"/>
        <line num="59" count="0" type="stmt"/>
        <line num="62" count="0" type="stmt"/>
        <line num="63" count="0" type="stmt"/>
        <line num="64" count="0" type="stmt"/>
        <line num="72" count="0" type="stmt"/>
        <line num="73" count="0" type="stmt"/>
        <line num="75" count="0" type="stmt"/>
        <line num="79" count="0" type="stmt"/>
        <line num="80" count="0" type="stmt"/>
        <line num="81" count="0" type="stmt"/>
      </file>
      <file name="mockBinderSleeves.js" path="/Users/learnacademy/Desktop/pokedeck_capstone_app/app/javascript/components/mockBinderSleeves.js">
        <metrics statements="1" coveredstatements="1" conditionals="0" coveredconditionals="0" methods="0" coveredmethods="0"/>
        <line num="1" count="1" type="stmt"/>
      </file>
      <file name="mockData.js" path="/Users/learnacademy/Desktop/pokedeck_capstone_app/app/javascript/components/mockData.js">
        <metrics statements="1" coveredstatements="1" conditionals="0" coveredconditionals="0" methods="0" coveredmethods="0"/>
        <line num="1" count="1" type="stmt"/>
      </file>
      <file name="mockRankings.js" path="/Users/learnacademy/Desktop/pokedeck_capstone_app/app/javascript/components/mockRankings.js">
        <metrics statements="1" coveredstatements="1" conditionals="0" coveredconditionals="0" methods="0" coveredmethods="0"/>
        <line num="1" count="1" type="stmt"/>
      </file>
      <file name="mockUsers.js" path="/Users/learnacademy/Desktop/pokedeck_capstone_app/app/javascript/components/mockUsers.js">
        <metrics statements="1" coveredstatements="1" conditionals="0" coveredconditionals="0" methods="0" coveredmethods="0"/>
        <line num="1" count="1" type="stmt"/>
      </file>
    </package>
    <package name="components.components">
      <metrics statements="7" coveredstatements="7" conditionals="6" coveredconditionals="4" methods="3" coveredmethods="2"/>
      <file name="Footer.js" path="/Users/learnacademy/Desktop/pokedeck_capstone_app/app/javascript/components/components/Footer.js">
        <metrics statements="1" coveredstatements="1" conditionals="0" coveredconditionals="0" methods="1" coveredmethods="1"/>
        <line num="8" count="1" type="stmt"/>
      </file>
      <file name="Header.js" path="/Users/learnacademy/Desktop/pokedeck_capstone_app/app/javascript/components/components/Header.js">
        <metrics statements="6" coveredstatements="6" conditionals="6" coveredconditionals="4" methods="2" coveredmethods="1"/>
        <line num="21" count="2" type="stmt"/>
        <line num="22" count="1" type="stmt"/>
        <line num="23" count="1" type="stmt"/>
        <line num="30" count="1" type="stmt"/>
        <line num="33" count="1" type="stmt"/>
        <line num="96" count="2" type="stmt"/>
      </file>
    </package>
    <package name="components.pages">
      <metrics statements="22" coveredstatements="17" conditionals="10" coveredconditionals="6" methods="13" coveredmethods="8"/>
      <file name="AboutUs.js" path="/Users/learnacademy/Desktop/pokedeck_capstone_app/app/javascript/components/pages/AboutUs.js">
        <metrics statements="5" coveredstatements="5" conditionals="0" coveredconditionals="0" methods="2" coveredmethods="1"/>
        <line num="6" count="2" type="stmt"/>
        <line num="10" count="1" type="stmt"/>
        <line num="12" count="1" type="stmt"/>
        <line num="14" count="1" type="stmt"/>
        <line num="16" count="1" type="stmt"/>
      </file>
      <file name="BinderShow.js" path="/Users/learnacademy/Desktop/pokedeck_capstone_app/app/javascript/components/pages/BinderShow.js">
        <metrics statements="2" coveredstatements="2" conditionals="4" coveredconditionals="3" methods="1" coveredmethods="1"/>
        <line num="12" count="1" type="stmt"/>
        <line num="15" count="1" type="stmt"/>
      </file>
      <file name="CardShow.js" path="/Users/learnacademy/Desktop/pokedeck_capstone_app/app/javascript/components/pages/CardShow.js">
        <metrics statements="2" coveredstatements="2" conditionals="0" coveredconditionals="0" methods="1" coveredmethods="1"/>
        <line num="7" count="1" type="stmt"/>
        <line num="9" count="1" type="stmt"/>
      </file>
      <file name="ClaimBooster.js" path="/Users/learnacademy/Desktop/pokedeck_capstone_app/app/javascript/components/pages/ClaimBooster.js">
        <metrics statements="1" coveredstatements="0" conditionals="0" coveredconditionals="0" methods="1" coveredmethods="0"/>
        <line num="7" count="0" type="stmt"/>
      </file>
      <file name="Home.js" path="/Users/learnacademy/Desktop/pokedeck_capstone_app/app/javascript/components/pages/Home.js">
        <metrics statements="3" coveredstatements="2" conditionals="2" coveredconditionals="1" methods="2" coveredmethods="1"/>
        <line num="19" count="1" type="stmt"/>
        <line num="22" count="1" type="stmt"/>
        <line num="28" count="0" type="stmt"/>
      </file>
      <file name="NotFound.js" path="/Users/learnacademy/Desktop/pokedeck_capstone_app/app/javascript/components/pages/NotFound.js">
        <metrics statements="1" coveredstatements="1" conditionals="0" coveredconditionals="0" methods="1" coveredmethods="1"/>
        <line num="8" count="1" type="stmt"/>
      </file>
      <file name="Rankings.js" path="/Users/learnacademy/Desktop/pokedeck_capstone_app/app/javascript/components/pages/Rankings.js">
        <metrics statements="4" coveredstatements="3" conditionals="2" coveredconditionals="1" methods="2" coveredmethods="1"/>
        <line num="6" count="1" type="stmt"/>
        <line num="12" count="1" type="stmt"/>
        <line num="13" count="1" type="stmt"/>
        <line num="26" count="0" type="stmt"/>
      </file>
      <file name="Splash.js" path="/Users/learnacademy/Desktop/pokedeck_capstone_app/app/javascript/components/pages/Splash.js">
        <metrics statements="1" coveredstatements="1" conditionals="0" coveredconditionals="0" methods="1" coveredmethods="1"/>
        <line num="9" count="1" type="stmt"/>
      </file>
      <file name="UserCardIndex.js" path="/Users/learnacademy/Desktop/pokedeck_capstone_app/app/javascript/components/pages/UserCardIndex.js">
        <metrics statements="3" coveredstatements="1" conditionals="2" coveredconditionals="1" methods="2" coveredmethods="1"/>
        <line num="14" count="1" type="stmt"/>
        <line num="20" count="0" type="stmt"/>
        <line num="21" count="0" type="stmt"/>
      </file>
    </package>
  </project>
</coverage>
