{"/Users/learnacademy/Desktop/pokedeck_capstone_app/app/javascript/components/App.js": {"path":"/Users/learnacademy/Desktop/pokedeck_capstone_app/app/javascript/components/App.js","statementMap":{"0":{"start":{"line":25,"column":4},"end":{"line":25,"column":16}},"1":{"start":{"line":26,"column":4},"end":{"line":31,"column":5}},"2":{"start":{"line":42,"column":8},"end":{"line":42,"column":18}},"3":{"start":{"line":43,"column":22},"end":{"line":43,"column":32}},"4":{"start":{"line":44,"column":4},"end":{"line":91,"column":6}},"5":{"start":{"line":57,"column":50},"end":{"line":57,"column":85}},"6":{"start":{"line":59,"column":56},"end":{"line":60,"column":12}},"7":{"start":{"line":62,"column":23},"end":{"line":62,"column":45}},"8":{"start":{"line":63,"column":25},"end":{"line":63,"column":70}},"9":{"start":{"line":63,"column":55},"end":{"line":63,"column":69}},"10":{"start":{"line":64,"column":12},"end":{"line":64,"column":44}},"11":{"start":{"line":72,"column":39},"end":{"line":74,"column":20}},"12":{"start":{"line":73,"column":20},"end":{"line":73,"column":61}},"13":{"start":{"line":75,"column":18},"end":{"line":75,"column":70}},"14":{"start":{"line":79,"column":23},"end":{"line":79,"column":45}},"15":{"start":{"line":80,"column":27},"end":{"line":80,"column":84}},"16":{"start":{"line":80,"column":67},"end":{"line":80,"column":83}},"17":{"start":{"line":81,"column":12},"end":{"line":81,"column":50}}},"fnMap":{"0":{"name":"(anonymous_0)","decl":{"start":{"line":24,"column":2},"end":{"line":24,"column":3}},"loc":{"start":{"line":24,"column":20},"end":{"line":32,"column":3}},"line":24},"1":{"name":"(anonymous_1)","decl":{"start":{"line":35,"column":2},"end":{"line":35,"column":3}},"loc":{"start":{"line":35,"column":12},"end":{"line":92,"column":3}},"line":35},"2":{"name":"(anonymous_2)","decl":{"start":{"line":57,"column":39},"end":{"line":57,"column":40}},"loc":{"start":{"line":57,"column":50},"end":{"line":57,"column":85}},"line":57},"3":{"name":"(anonymous_3)","decl":{"start":{"line":59,"column":46},"end":{"line":59,"column":47}},"loc":{"start":{"line":59,"column":56},"end":{"line":60,"column":12}},"line":59},"4":{"name":"(anonymous_4)","decl":{"start":{"line":61,"column":48},"end":{"line":61,"column":49}},"loc":{"start":{"line":61,"column":59},"end":{"line":64,"column":45}},"line":61},"5":{"name":"(anonymous_5)","decl":{"start":{"line":63,"column":47},"end":{"line":63,"column":48}},"loc":{"start":{"line":63,"column":55},"end":{"line":63,"column":69}},"line":63},"6":{"name":"(anonymous_6)","decl":{"start":{"line":71,"column":23},"end":{"line":71,"column":24}},"loc":{"start":{"line":71,"column":34},"end":{"line":76,"column":15}},"line":71},"7":{"name":"(anonymous_7)","decl":{"start":{"line":72,"column":71},"end":{"line":72,"column":72}},"loc":{"start":{"line":72,"column":81},"end":{"line":74,"column":19}},"line":72},"8":{"name":"(anonymous_8)","decl":{"start":{"line":78,"column":50},"end":{"line":78,"column":51}},"loc":{"start":{"line":78,"column":61},"end":{"line":81,"column":51}},"line":78},"9":{"name":"(anonymous_9)","decl":{"start":{"line":80,"column":57},"end":{"line":80,"column":58}},"loc":{"start":{"line":80,"column":67},"end":{"line":80,"column":83}},"line":80}},"branchMap":{"0":{"loc":{"start":{"line":48,"column":8},"end":{"line":53,"column":45}},"type":"binary-expr","locations":[{"start":{"line":48,"column":8},"end":{"line":48,"column":44}},{"start":{"line":50,"column":10},"end":{"line":53,"column":45}}],"line":48}},"s":{"0":2,"1":2,"2":2,"3":2,"4":2,"5":0,"6":0,"7":0,"8":0,"9":0,"10":0,"11":0,"12":0,"13":0,"14":0,"15":0,"16":0,"17":0},"f":{"0":2,"1":2,"2":0,"3":0,"4":0,"5":0,"6":0,"7":0,"8":0,"9":0},"b":{"0":[2,0]},"_coverageSchema":"1a1c01bbd47fc00a2c39e90264f33305004495a9","hash":"66cbc6fa7a8ee4a51897613e7fb283882e34b07f"}
,"/Users/learnacademy/Desktop/pokedeck_capstone_app/app/javascript/components/mockBinderSleeves.js": {"path":"/Users/learnacademy/Desktop/pokedeck_capstone_app/app/javascript/components/mockBinderSleeves.js","statementMap":{"0":{"start":{"line":1,"column":17},"end":{"line":104,"column":1}}},"fnMap":{},"branchMap":{},"s":{"0":1},"f":{},"b":{},"_coverageSchema":"1a1c01bbd47fc00a2c39e90264f33305004495a9","hash":"8161021164d4d766fe90b79803d68eca86c7e7fb"}
,"/Users/learnacademy/Desktop/pokedeck_capstone_app/app/javascript/components/mockData.js": {"path":"/Users/learnacademy/Desktop/pokedeck_capstone_app/app/javascript/components/mockData.js","statementMap":{"0":{"start":{"line":1,"column":16},"end":{"line":39,"column":3}}},"fnMap":{},"branchMap":{},"s":{"0":1},"f":{},"b":{},"_coverageSchema":"1a1c01bbd47fc00a2c39e90264f33305004495a9","hash":"6922632efbd37da3788149a0d5ea0ef099e3bbd9"}
,"/Users/learnacademy/Desktop/pokedeck_capstone_app/app/javascript/components/mockRankings.js": {"path":"/Users/learnacademy/Desktop/pokedeck_capstone_app/app/javascript/components/mockRankings.js","statementMap":{"0":{"start":{"line":1,"column":19},"end":{"line":22,"column":1}}},"fnMap":{},"branchMap":{},"s":{"0":1},"f":{},"b":{},"_coverageSchema":"1a1c01bbd47fc00a2c39e90264f33305004495a9","hash":"b9dc114cbf546fbdbb92dd5b619a5a07135ba75b"}
,"/Users/learnacademy/Desktop/pokedeck_capstone_app/app/javascript/components/mockUsers.js": {"path":"/Users/learnacademy/Desktop/pokedeck_capstone_app/app/javascript/components/mockUsers.js","statementMap":{"0":{"start":{"line":1,"column":16},"end":{"line":13,"column":1}}},"fnMap":{},"branchMap":{},"s":{"0":1},"f":{},"b":{},"_coverageSchema":"1a1c01bbd47fc00a2c39e90264f33305004495a9","hash":"bf7971751394d77d43d2b4007cf887346bf33673"}
,"/Users/learnacademy/Desktop/pokedeck_capstone_app/app/javascript/components/components/Footer.js": {"path":"/Users/learnacademy/Desktop/pokedeck_capstone_app/app/javascript/components/components/Footer.js","statementMap":{"0":{"start":{"line":8,"column":4},"end":{"line":16,"column":5}}},"fnMap":{"0":{"name":"(anonymous_0)","decl":{"start":{"line":7,"column":0},"end":{"line":7,"column":1}},"loc":{"start":{"line":7,"column":9},"end":{"line":17,"column":5}},"line":7}},"branchMap":{},"s":{"0":1},"f":{"0":1},"b":{},"_coverageSchema":"1a1c01bbd47fc00a2c39e90264f33305004495a9","hash":"e2f64ff81e9747a0e93a3015a6bd5bcb589c281f"}
,"/Users/learnacademy/Desktop/pokedeck_capstone_app/app/javascript/components/components/Header.js": {"path":"/Users/learnacademy/Desktop/pokedeck_capstone_app/app/javascript/components/components/Header.js","statementMap":{"0":{"start":{"line":21,"column":15},"end":{"line":90,"column":3}},"1":{"start":{"line":22,"column":30},"end":{"line":22,"column":45}},"2":{"start":{"line":23,"column":17},"end":{"line":23,"column":41}},"3":{"start":{"line":23,"column":23},"end":{"line":23,"column":41}},"4":{"start":{"line":30,"column":8},"end":{"line":30,"column":13}},"5":{"start":{"line":33,"column":2},"end":{"line":89,"column":4}},"6":{"start":{"line":96,"column":0},"end":{"line":107,"column":27}}},"fnMap":{"0":{"name":"(anonymous_0)","decl":{"start":{"line":21,"column":15},"end":{"line":21,"column":16}},"loc":{"start":{"line":21,"column":26},"end":{"line":90,"column":3}},"line":21},"1":{"name":"(anonymous_1)","decl":{"start":{"line":23,"column":17},"end":{"line":23,"column":18}},"loc":{"start":{"line":23,"column":23},"end":{"line":23,"column":41}},"line":23}},"branchMap":{"0":{"loc":{"start":{"line":49,"column":16},"end":{"line":64,"column":17}},"type":"binary-expr","locations":[{"start":{"line":49,"column":16},"end":{"line":49,"column":25}},{"start":{"line":50,"column":14},"end":{"line":64,"column":17}}],"line":49},"1":{"loc":{"start":{"line":68,"column":14},"end":{"line":71,"column":24}},"type":"binary-expr","locations":[{"start":{"line":68,"column":14},"end":{"line":68,"column":23}},{"start":{"line":69,"column":14},"end":{"line":71,"column":24}}],"line":68},"2":{"loc":{"start":{"line":74,"column":14},"end":{"line":82,"column":17}},"type":"binary-expr","locations":[{"start":{"line":74,"column":14},"end":{"line":74,"column":24}},{"start":{"line":75,"column":14},"end":{"line":82,"column":17}}],"line":74}},"s":{"0":2,"1":1,"2":1,"3":0,"4":1,"5":1,"6":2},"f":{"0":1,"1":0},"b":{"0":[1,0],"1":[1,0],"2":[1,1]},"_coverageSchema":"1a1c01bbd47fc00a2c39e90264f33305004495a9","hash":"1385165486da13c66a3f7b473d67e2ebb5f5c73d"}
,"/Users/learnacademy/Desktop/pokedeck_capstone_app/app/javascript/components/pages/AboutUs.js": {"path":"/Users/learnacademy/Desktop/pokedeck_capstone_app/app/javascript/components/pages/AboutUs.js","statementMap":{"0":{"start":{"line":6,"column":16},"end":{"line":74,"column":1}},"1":{"start":{"line":10,"column":6},"end":{"line":10,"column":11}},"2":{"start":{"line":12,"column":28},"end":{"line":12,"column":43}},"3":{"start":{"line":14,"column":17},"end":{"line":14,"column":39}},"4":{"start":{"line":14,"column":23},"end":{"line":14,"column":39}},"5":{"start":{"line":16,"column":2},"end":{"line":73,"column":4}}},"fnMap":{"0":{"name":"(anonymous_0)","decl":{"start":{"line":6,"column":16},"end":{"line":6,"column":17}},"loc":{"start":{"line":6,"column":27},"end":{"line":74,"column":1}},"line":6},"1":{"name":"(anonymous_1)","decl":{"start":{"line":14,"column":17},"end":{"line":14,"column":18}},"loc":{"start":{"line":14,"column":23},"end":{"line":14,"column":39}},"line":14}},"branchMap":{},"s":{"0":2,"1":1,"2":1,"3":1,"4":0,"5":1},"f":{"0":1,"1":0},"b":{},"_coverageSchema":"1a1c01bbd47fc00a2c39e90264f33305004495a9","hash":"64f14e7ca3357db7deabc3045a9a2a0d866f097e"}
,"/Users/learnacademy/Desktop/pokedeck_capstone_app/app/javascript/components/pages/BinderShow.js": {"path":"/Users/learnacademy/Desktop/pokedeck_capstone_app/app/javascript/components/pages/BinderShow.js","statementMap":{"0":{"start":{"line":12,"column":17},"end":{"line":12,"column":44}},"1":{"start":{"line":15,"column":4},"end":{"line":41,"column":5}}},"fnMap":{"0":{"name":"(anonymous_0)","decl":{"start":{"line":10,"column":2},"end":{"line":10,"column":3}},"loc":{"start":{"line":10,"column":11},"end":{"line":42,"column":3}},"line":10}},"branchMap":{"0":{"loc":{"start":{"line":17,"column":10},"end":{"line":29,"column":11}},"type":"binary-expr","locations":[{"start":{"line":17,"column":10},"end":{"line":17,"column":14}},{"start":{"line":18,"column":8},"end":{"line":29,"column":11}}],"line":17},"1":{"loc":{"start":{"line":31,"column":10},"end":{"line":38,"column":13}},"type":"binary-expr","locations":[{"start":{"line":31,"column":10},"end":{"line":31,"column":15}},{"start":{"line":32,"column":8},"end":{"line":38,"column":13}}],"line":31}},"s":{"0":1,"1":1},"f":{"0":1},"b":{"0":[1,1],"1":[1,0]},"_coverageSchema":"1a1c01bbd47fc00a2c39e90264f33305004495a9","hash":"154112e196e1d577681f216eb71256352e80f760"}
,"/Users/learnacademy/Desktop/pokedeck_capstone_app/app/javascript/components/pages/CardShow.js": {"path":"/Users/learnacademy/Desktop/pokedeck_capstone_app/app/javascript/components/pages/CardShow.js","statementMap":{"0":{"start":{"line":7,"column":17},"end":{"line":7,"column":32}},"1":{"start":{"line":9,"column":4},"end":{"line":21,"column":5}}},"fnMap":{"0":{"name":"(anonymous_0)","decl":{"start":{"line":6,"column":2},"end":{"line":6,"column":3}},"loc":{"start":{"line":6,"column":11},"end":{"line":22,"column":3}},"line":6}},"branchMap":{},"s":{"0":1,"1":1},"f":{"0":1},"b":{},"_coverageSchema":"1a1c01bbd47fc00a2c39e90264f33305004495a9","hash":"6398f4c4e57b183ec091c8b02f9f69a84ea88102"}
,"/Users/learnacademy/Desktop/pokedeck_capstone_app/app/javascript/components/pages/ClaimBooster.js": {"path":"/Users/learnacademy/Desktop/pokedeck_capstone_app/app/javascript/components/pages/ClaimBooster.js","statementMap":{"0":{"start":{"line":7,"column":4},"end":{"line":12,"column":5}}},"fnMap":{"0":{"name":"(anonymous_0)","decl":{"start":{"line":6,"column":0},"end":{"line":6,"column":1}},"loc":{"start":{"line":6,"column":9},"end":{"line":13,"column":5}},"line":6}},"branchMap":{},"s":{"0":0},"f":{"0":0},"b":{},"_coverageSchema":"1a1c01bbd47fc00a2c39e90264f33305004495a9","hash":"5b4c1e9c328a181494e163fd41ddca3d5c236094"}
,"/Users/learnacademy/Desktop/pokedeck_capstone_app/app/javascript/components/pages/Home.js": {"path":"/Users/learnacademy/Desktop/pokedeck_capstone_app/app/javascript/components/pages/Home.js","statementMap":{"0":{"start":{"line":19,"column":10},"end":{"line":19,"column":20}},"1":{"start":{"line":22,"column":4},"end":{"line":37,"column":5}},"2":{"start":{"line":28,"column":14},"end":{"line":34,"column":9}}},"fnMap":{"0":{"name":"(anonymous_0)","decl":{"start":{"line":12,"column":0},"end":{"line":12,"column":1}},"loc":{"start":{"line":12,"column":9},"end":{"line":38,"column":5}},"line":12},"1":{"name":"(anonymous_1)","decl":{"start":{"line":27,"column":50},"end":{"line":27,"column":51}},"loc":{"start":{"line":27,"column":67},"end":{"line":34,"column":10}},"line":27}},"branchMap":{"0":{"loc":{"start":{"line":27,"column":9},"end":{"line":34,"column":11}},"type":"binary-expr","locations":[{"start":{"line":27,"column":9},"end":{"line":27,"column":25}},{"start":{"line":27,"column":29},"end":{"line":34,"column":11}}],"line":27}},"s":{"0":1,"1":1,"2":0},"f":{"0":1,"1":0},"b":{"0":[1,0]},"_coverageSchema":"1a1c01bbd47fc00a2c39e90264f33305004495a9","hash":"5cfb4dde8d40a5c5863422d47fec984aba9f39a2"}
,"/Users/learnacademy/Desktop/pokedeck_capstone_app/app/javascript/components/pages/NotFound.js": {"path":"/Users/learnacademy/Desktop/pokedeck_capstone_app/app/javascript/components/pages/NotFound.js","statementMap":{"0":{"start":{"line":8,"column":4},"end":{"line":16,"column":5}}},"fnMap":{"0":{"name":"(anonymous_0)","decl":{"start":{"line":7,"column":0},"end":{"line":7,"column":1}},"loc":{"start":{"line":7,"column":9},"end":{"line":17,"column":5}},"line":7}},"branchMap":{},"s":{"0":1},"f":{"0":1},"b":{},"_coverageSchema":"1a1c01bbd47fc00a2c39e90264f33305004495a9","hash":"f2a44209fbbf9d351a511b554427d98a82dcf12b"}
,"/Users/learnacademy/Desktop/pokedeck_capstone_app/app/javascript/components/pages/Rankings.js": {"path":"/Users/learnacademy/Desktop/pokedeck_capstone_app/app/javascript/components/pages/Rankings.js","statementMap":{"0":{"start":{"line":6,"column":6},"end":{"line":6,"column":38}},"1":{"start":{"line":12,"column":12},"end":{"line":12,"column":22}},"2":{"start":{"line":13,"column":2},"end":{"line":37,"column":4}},"3":{"start":{"line":26,"column":8},"end":{"line":34,"column":7}}},"fnMap":{"0":{"name":"(anonymous_0)","decl":{"start":{"line":5,"column":2},"end":{"line":5,"column":3}},"loc":{"start":{"line":5,"column":11},"end":{"line":38,"column":1}},"line":5},"1":{"name":"(anonymous_1)","decl":{"start":{"line":24,"column":54},"end":{"line":24,"column":55}},"loc":{"start":{"line":24,"column":74},"end":{"line":34,"column":8}},"line":24}},"branchMap":{"0":{"loc":{"start":{"line":24,"column":7},"end":{"line":34,"column":9}},"type":"binary-expr","locations":[{"start":{"line":24,"column":7},"end":{"line":24,"column":26}},{"start":{"line":24,"column":30},"end":{"line":34,"column":9}}],"line":24}},"s":{"0":1,"1":1,"2":1,"3":0},"f":{"0":1,"1":0},"b":{"0":[1,0]},"_coverageSchema":"1a1c01bbd47fc00a2c39e90264f33305004495a9","hash":"b5e84dd2e704b6cc71ea0b4cae4ebc992c77cdf4"}
,"/Users/learnacademy/Desktop/pokedeck_capstone_app/app/javascript/components/pages/Splash.js": {"path":"/Users/learnacademy/Desktop/pokedeck_capstone_app/app/javascript/components/pages/Splash.js","statementMap":{"0":{"start":{"line":9,"column":4},"end":{"line":21,"column":5}}},"fnMap":{"0":{"name":"(anonymous_0)","decl":{"start":{"line":8,"column":0},"end":{"line":8,"column":1}},"loc":{"start":{"line":8,"column":9},"end":{"line":22,"column":5}},"line":8}},"branchMap":{},"s":{"0":1},"f":{"0":1},"b":{},"_coverageSchema":"1a1c01bbd47fc00a2c39e90264f33305004495a9","hash":"35eb218874825f359c04f3855e6f0698d81566ec"}
,"/Users/learnacademy/Desktop/pokedeck_capstone_app/app/javascript/components/pages/UserCardIndex.js": {"path":"/Users/learnacademy/Desktop/pokedeck_capstone_app/app/javascript/components/pages/UserCardIndex.js","statementMap":{"0":{"start":{"line":14,"column":8},"end":{"line":32,"column":9}},"1":{"start":{"line":20,"column":48},"end":{"line":20,"column":54}},"2":{"start":{"line":21,"column":28},"end":{"line":27,"column":29}}},"fnMap":{"0":{"name":"(anonymous_0)","decl":{"start":{"line":11,"column":4},"end":{"line":11,"column":5}},"loc":{"start":{"line":11,"column":13},"end":{"line":33,"column":5}},"line":11},"1":{"name":"(anonymous_1)","decl":{"start":{"line":19,"column":80},"end":{"line":19,"column":81}},"loc":{"start":{"line":19,"column":90},"end":{"line":28,"column":25}},"line":19}},"branchMap":{"0":{"loc":{"start":{"line":19,"column":25},"end":{"line":28,"column":26}},"type":"binary-expr","locations":[{"start":{"line":19,"column":25},"end":{"line":19,"column":48}},{"start":{"line":19,"column":52},"end":{"line":28,"column":26}}],"line":19}},"s":{"0":1,"1":0,"2":0},"f":{"0":1,"1":0},"b":{"0":[1,0]},"_coverageSchema":"1a1c01bbd47fc00a2c39e90264f33305004495a9","hash":"14e716a8f0cc4939fdb449852cf593f1c70aa79d"}
}
