{"/Users/learnacademy/Desktop/pokedeck_capstone_app/app/javascript/components/App.js": {"path":"/Users/learnacademy/Desktop/pokedeck_capstone_app/app/javascript/components/App.js","statementMap":{"0":{"start":{"line":25,"column":4},"end":{"line":25,"column":16}},"1":{"start":{"line":26,"column":4},"end":{"line":33,"column":5}},"2":{"start":{"line":38,"column":4},"end":{"line":41,"column":5}},"3":{"start":{"line":39,"column":6},"end":{"line":39,"column":64}},"4":{"start":{"line":40,"column":6},"end":{"line":40,"column":22}},"5":{"start":{"line":42,"column":4},"end":{"line":42,"column":22}},"6":{"start":{"line":43,"column":4},"end":{"line":43,"column":20}},"7":{"start":{"line":44,"column":4},"end":{"line":44,"column":19}},"8":{"start":{"line":47,"column":16},"end":{"line":58,"column":3}},"9":{"start":{"line":48,"column":4},"end":{"line":57,"column":6}},"10":{"start":{"line":50,"column":6},"end":{"line":50,"column":28}},"11":{"start":{"line":53,"column":6},"end":{"line":53,"column":58}},"12":{"start":{"line":56,"column":6},"end":{"line":56,"column":42}},"13":{"start":{"line":60,"column":30},"end":{"line":72,"column":3}},"14":{"start":{"line":61,"column":4},"end":{"line":71,"column":6}},"15":{"start":{"line":63,"column":6},"end":{"line":63,"column":28}},"16":{"start":{"line":66,"column":6},"end":{"line":66,"column":58}},"17":{"start":{"line":67,"column":6},"end":{"line":67,"column":51}},"18":{"start":{"line":70,"column":6},"end":{"line":70,"column":42}},"19":{"start":{"line":74,"column":19},"end":{"line":95,"column":3}},"20":{"start":{"line":75,"column":4},"end":{"line":94,"column":6}},"21":{"start":{"line":79,"column":6},"end":{"line":79,"column":39}},"22":{"start":{"line":80,"column":6},"end":{"line":82,"column":7}},"23":{"start":{"line":81,"column":8},"end":{"line":81,"column":57}},"24":{"start":{"line":83,"column":6},"end":{"line":83,"column":28}},"25":{"start":{"line":86,"column":6},"end":{"line":86,"column":37}},"26":{"start":{"line":87,"column":6},"end":{"line":87,"column":46}},"27":{"start":{"line":88,"column":6},"end":{"line":88,"column":24}},"28":{"start":{"line":89,"column":6},"end":{"line":89,"column":21}},"29":{"start":{"line":90,"column":6},"end":{"line":90,"column":22}},"30":{"start":{"line":93,"column":6},"end":{"line":93,"column":43}},"31":{"start":{"line":97,"column":21},"end":{"line":117,"column":3}},"32":{"start":{"line":98,"column":4},"end":{"line":116,"column":6}},"33":{"start":{"line":102,"column":6},"end":{"line":102,"column":39}},"34":{"start":{"line":103,"column":6},"end":{"line":105,"column":7}},"35":{"start":{"line":104,"column":8},"end":{"line":104,"column":57}},"36":{"start":{"line":106,"column":6},"end":{"line":106,"column":28}},"37":{"start":{"line":109,"column":6},"end":{"line":109,"column":37}},"38":{"start":{"line":110,"column":6},"end":{"line":110,"column":24}},"39":{"start":{"line":111,"column":6},"end":{"line":111,"column":21}},"40":{"start":{"line":112,"column":6},"end":{"line":112,"column":22}},"41":{"start":{"line":115,"column":6},"end":{"line":115,"column":43}},"42":{"start":{"line":119,"column":14},"end":{"line":130,"column":3}},"43":{"start":{"line":120,"column":4},"end":{"line":129,"column":6}},"44":{"start":{"line":122,"column":6},"end":{"line":122,"column":28}},"45":{"start":{"line":125,"column":6},"end":{"line":125,"column":42}},"46":{"start":{"line":128,"column":6},"end":{"line":128,"column":42}},"47":{"start":{"line":132,"column":13},"end":{"line":143,"column":3}},"48":{"start":{"line":133,"column":4},"end":{"line":142,"column":6}},"49":{"start":{"line":135,"column":6},"end":{"line":135,"column":28}},"50":{"start":{"line":138,"column":6},"end":{"line":138,"column":48}},"51":{"start":{"line":141,"column":6},"end":{"line":141,"column":45}},"52":{"start":{"line":145,"column":14},"end":{"line":158,"column":3}},"53":{"start":{"line":146,"column":4},"end":{"line":157,"column":6}},"54":{"start":{"line":148,"column":6},"end":{"line":148,"column":39}},"55":{"start":{"line":149,"column":6},"end":{"line":149,"column":28}},"56":{"start":{"line":152,"column":6},"end":{"line":152,"column":47}},"57":{"start":{"line":153,"column":6},"end":{"line":153,"column":47}},"58":{"start":{"line":156,"column":6},"end":{"line":156,"column":47}},"59":{"start":{"line":160,"column":17},"end":{"line":181,"column":3}},"60":{"start":{"line":161,"column":4},"end":{"line":161,"column":29}},"61":{"start":{"line":162,"column":4},"end":{"line":180,"column":6}},"62":{"start":{"line":170,"column":6},"end":{"line":172,"column":7}},"63":{"start":{"line":171,"column":8},"end":{"line":171,"column":57}},"64":{"start":{"line":173,"column":6},"end":{"line":173,"column":28}},"65":{"start":{"line":176,"column":6},"end":{"line":176,"column":24}},"66":{"start":{"line":179,"column":6},"end":{"line":179,"column":43}},"67":{"start":{"line":191,"column":8},"end":{"line":191,"column":18}},"68":{"start":{"line":192,"column":22},"end":{"line":192,"column":32}},"69":{"start":{"line":196,"column":4},"end":{"line":248,"column":6}},"70":{"start":{"line":216,"column":50},"end":{"line":216,"column":85}},"71":{"start":{"line":218,"column":56},"end":{"line":219,"column":12}},"72":{"start":{"line":221,"column":23},"end":{"line":221,"column":45}},"73":{"start":{"line":222,"column":25},"end":{"line":222,"column":70}},"74":{"start":{"line":222,"column":55},"end":{"line":222,"column":69}},"75":{"start":{"line":223,"column":12},"end":{"line":223,"column":44}},"76":{"start":{"line":229,"column":39},"end":{"line":231,"column":20}},"77":{"start":{"line":230,"column":20},"end":{"line":230,"column":61}},"78":{"start":{"line":232,"column":18},"end":{"line":232,"column":70}},"79":{"start":{"line":236,"column":23},"end":{"line":236,"column":45}},"80":{"start":{"line":237,"column":27},"end":{"line":237,"column":84}},"81":{"start":{"line":237,"column":67},"end":{"line":237,"column":83}},"82":{"start":{"line":238,"column":12},"end":{"line":238,"column":85}}},"fnMap":{"0":{"name":"(anonymous_0)","decl":{"start":{"line":24,"column":2},"end":{"line":24,"column":3}},"loc":{"start":{"line":24,"column":20},"end":{"line":35,"column":3}},"line":24},"1":{"name":"(anonymous_1)","decl":{"start":{"line":37,"column":2},"end":{"line":37,"column":3}},"loc":{"start":{"line":37,"column":21},"end":{"line":45,"column":3}},"line":37},"2":{"name":"(anonymous_2)","decl":{"start":{"line":47,"column":16},"end":{"line":47,"column":17}},"loc":{"start":{"line":47,"column":22},"end":{"line":58,"column":3}},"line":47},"3":{"name":"(anonymous_3)","decl":{"start":{"line":49,"column":10},"end":{"line":49,"column":11}},"loc":{"start":{"line":49,"column":22},"end":{"line":51,"column":5}},"line":49},"4":{"name":"(anonymous_4)","decl":{"start":{"line":52,"column":10},"end":{"line":52,"column":11}},"loc":{"start":{"line":52,"column":32},"end":{"line":54,"column":5}},"line":52},"5":{"name":"(anonymous_5)","decl":{"start":{"line":55,"column":11},"end":{"line":55,"column":12}},"loc":{"start":{"line":55,"column":21},"end":{"line":57,"column":5}},"line":55},"6":{"name":"(anonymous_6)","decl":{"start":{"line":60,"column":30},"end":{"line":60,"column":31}},"loc":{"start":{"line":60,"column":43},"end":{"line":72,"column":3}},"line":60},"7":{"name":"(anonymous_7)","decl":{"start":{"line":62,"column":10},"end":{"line":62,"column":11}},"loc":{"start":{"line":62,"column":22},"end":{"line":64,"column":5}},"line":62},"8":{"name":"(anonymous_8)","decl":{"start":{"line":65,"column":10},"end":{"line":65,"column":11}},"loc":{"start":{"line":65,"column":24},"end":{"line":68,"column":5}},"line":65},"9":{"name":"(anonymous_9)","decl":{"start":{"line":69,"column":11},"end":{"line":69,"column":12}},"loc":{"start":{"line":69,"column":21},"end":{"line":71,"column":5}},"line":69},"10":{"name":"(anonymous_10)","decl":{"start":{"line":74,"column":19},"end":{"line":74,"column":20}},"loc":{"start":{"line":74,"column":32},"end":{"line":95,"column":3}},"line":74},"11":{"name":"(anonymous_11)","decl":{"start":{"line":78,"column":10},"end":{"line":78,"column":11}},"loc":{"start":{"line":78,"column":22},"end":{"line":84,"column":5}},"line":78},"12":{"name":"(anonymous_12)","decl":{"start":{"line":85,"column":10},"end":{"line":85,"column":11}},"loc":{"start":{"line":85,"column":21},"end":{"line":91,"column":5}},"line":85},"13":{"name":"(anonymous_13)","decl":{"start":{"line":92,"column":11},"end":{"line":92,"column":12}},"loc":{"start":{"line":92,"column":21},"end":{"line":94,"column":5}},"line":92},"14":{"name":"(anonymous_14)","decl":{"start":{"line":97,"column":21},"end":{"line":97,"column":22}},"loc":{"start":{"line":97,"column":34},"end":{"line":117,"column":3}},"line":97},"15":{"name":"(anonymous_15)","decl":{"start":{"line":101,"column":10},"end":{"line":101,"column":11}},"loc":{"start":{"line":101,"column":22},"end":{"line":107,"column":5}},"line":101},"16":{"name":"(anonymous_16)","decl":{"start":{"line":108,"column":10},"end":{"line":108,"column":11}},"loc":{"start":{"line":108,"column":21},"end":{"line":113,"column":5}},"line":108},"17":{"name":"(anonymous_17)","decl":{"start":{"line":114,"column":11},"end":{"line":114,"column":12}},"loc":{"start":{"line":114,"column":21},"end":{"line":116,"column":5}},"line":114},"18":{"name":"(anonymous_18)","decl":{"start":{"line":119,"column":14},"end":{"line":119,"column":15}},"loc":{"start":{"line":119,"column":20},"end":{"line":130,"column":3}},"line":119},"19":{"name":"(anonymous_19)","decl":{"start":{"line":121,"column":10},"end":{"line":121,"column":11}},"loc":{"start":{"line":121,"column":22},"end":{"line":123,"column":5}},"line":121},"20":{"name":"(anonymous_20)","decl":{"start":{"line":124,"column":10},"end":{"line":124,"column":11}},"loc":{"start":{"line":124,"column":24},"end":{"line":126,"column":5}},"line":124},"21":{"name":"(anonymous_21)","decl":{"start":{"line":127,"column":11},"end":{"line":127,"column":12}},"loc":{"start":{"line":127,"column":21},"end":{"line":129,"column":5}},"line":127},"22":{"name":"(anonymous_22)","decl":{"start":{"line":132,"column":13},"end":{"line":132,"column":14}},"loc":{"start":{"line":132,"column":19},"end":{"line":143,"column":3}},"line":132},"23":{"name":"(anonymous_23)","decl":{"start":{"line":134,"column":10},"end":{"line":134,"column":11}},"loc":{"start":{"line":134,"column":22},"end":{"line":136,"column":5}},"line":134},"24":{"name":"(anonymous_24)","decl":{"start":{"line":137,"column":10},"end":{"line":137,"column":11}},"loc":{"start":{"line":137,"column":27},"end":{"line":139,"column":5}},"line":137},"25":{"name":"(anonymous_25)","decl":{"start":{"line":140,"column":11},"end":{"line":140,"column":12}},"loc":{"start":{"line":140,"column":21},"end":{"line":142,"column":5}},"line":140},"26":{"name":"(anonymous_26)","decl":{"start":{"line":145,"column":14},"end":{"line":145,"column":15}},"loc":{"start":{"line":145,"column":20},"end":{"line":158,"column":3}},"line":145},"27":{"name":"(anonymous_27)","decl":{"start":{"line":147,"column":10},"end":{"line":147,"column":11}},"loc":{"start":{"line":147,"column":22},"end":{"line":150,"column":5}},"line":147},"28":{"name":"(anonymous_28)","decl":{"start":{"line":151,"column":10},"end":{"line":151,"column":11}},"loc":{"start":{"line":151,"column":26},"end":{"line":154,"column":5}},"line":151},"29":{"name":"(anonymous_29)","decl":{"start":{"line":155,"column":11},"end":{"line":155,"column":12}},"loc":{"start":{"line":155,"column":21},"end":{"line":157,"column":5}},"line":155},"30":{"name":"(anonymous_30)","decl":{"start":{"line":160,"column":17},"end":{"line":160,"column":18}},"loc":{"start":{"line":160,"column":46},"end":{"line":181,"column":3}},"line":160},"31":{"name":"(anonymous_31)","decl":{"start":{"line":169,"column":10},"end":{"line":169,"column":11}},"loc":{"start":{"line":169,"column":22},"end":{"line":174,"column":5}},"line":169},"32":{"name":"(anonymous_32)","decl":{"start":{"line":175,"column":10},"end":{"line":175,"column":11}},"loc":{"start":{"line":175,"column":21},"end":{"line":177,"column":5}},"line":175},"33":{"name":"(anonymous_33)","decl":{"start":{"line":178,"column":11},"end":{"line":178,"column":12}},"loc":{"start":{"line":178,"column":21},"end":{"line":180,"column":5}},"line":178},"34":{"name":"(anonymous_34)","decl":{"start":{"line":184,"column":2},"end":{"line":184,"column":3}},"loc":{"start":{"line":184,"column":12},"end":{"line":249,"column":3}},"line":184},"35":{"name":"(anonymous_35)","decl":{"start":{"line":216,"column":39},"end":{"line":216,"column":40}},"loc":{"start":{"line":216,"column":50},"end":{"line":216,"column":85}},"line":216},"36":{"name":"(anonymous_36)","decl":{"start":{"line":218,"column":46},"end":{"line":218,"column":47}},"loc":{"start":{"line":218,"column":56},"end":{"line":219,"column":12}},"line":218},"37":{"name":"(anonymous_37)","decl":{"start":{"line":220,"column":48},"end":{"line":220,"column":49}},"loc":{"start":{"line":220,"column":59},"end":{"line":223,"column":45}},"line":220},"38":{"name":"(anonymous_38)","decl":{"start":{"line":222,"column":47},"end":{"line":222,"column":48}},"loc":{"start":{"line":222,"column":55},"end":{"line":222,"column":69}},"line":222},"39":{"name":"(anonymous_39)","decl":{"start":{"line":228,"column":23},"end":{"line":228,"column":24}},"loc":{"start":{"line":228,"column":34},"end":{"line":233,"column":15}},"line":228},"40":{"name":"(anonymous_40)","decl":{"start":{"line":229,"column":71},"end":{"line":229,"column":72}},"loc":{"start":{"line":229,"column":81},"end":{"line":231,"column":19}},"line":229},"41":{"name":"(anonymous_41)","decl":{"start":{"line":235,"column":50},"end":{"line":235,"column":51}},"loc":{"start":{"line":235,"column":61},"end":{"line":238,"column":86}},"line":235},"42":{"name":"(anonymous_42)","decl":{"start":{"line":237,"column":57},"end":{"line":237,"column":58}},"loc":{"start":{"line":237,"column":67},"end":{"line":237,"column":83}},"line":237}},"branchMap":{"0":{"loc":{"start":{"line":38,"column":4},"end":{"line":41,"column":5}},"type":"if","locations":[{"start":{"line":38,"column":4},"end":{"line":41,"column":5}},{"start":{"line":38,"column":4},"end":{"line":41,"column":5}}],"line":38},"1":{"loc":{"start":{"line":80,"column":6},"end":{"line":82,"column":7}},"type":"if","locations":[{"start":{"line":80,"column":6},"end":{"line":82,"column":7}},{"start":{"line":80,"column":6},"end":{"line":82,"column":7}}],"line":80},"2":{"loc":{"start":{"line":103,"column":6},"end":{"line":105,"column":7}},"type":"if","locations":[{"start":{"line":103,"column":6},"end":{"line":105,"column":7}},{"start":{"line":103,"column":6},"end":{"line":105,"column":7}}],"line":103},"3":{"loc":{"start":{"line":170,"column":6},"end":{"line":172,"column":7}},"type":"if","locations":[{"start":{"line":170,"column":6},"end":{"line":172,"column":7}},{"start":{"line":170,"column":6},"end":{"line":172,"column":7}}],"line":170},"4":{"loc":{"start":{"line":200,"column":8},"end":{"line":212,"column":12}},"type":"binary-expr","locations":[{"start":{"line":200,"column":8},"end":{"line":200,"column":44}},{"start":{"line":202,"column":10},"end":{"line":212,"column":12}}],"line":200}},"s":{"0":3,"1":3,"2":3,"3":0,"4":0,"5":3,"6":3,"7":3,"8":3,"9":3,"10":3,"11":3,"12":0,"13":3,"14":0,"15":0,"16":0,"17":0,"18":0,"19":3,"20":0,"21":0,"22":0,"23":0,"24":0,"25":0,"26":0,"27":0,"28":0,"29":0,"30":0,"31":3,"32":0,"33":0,"34":0,"35":0,"36":0,"37":0,"38":0,"39":0,"40":0,"41":0,"42":3,"43":3,"44":3,"45":3,"46":0,"47":3,"48":3,"49":3,"50":3,"51":0,"52":3,"53":0,"54":0,"55":0,"56":0,"57":0,"58":0,"59":3,"60":0,"61":0,"62":0,"63":0,"64":0,"65":0,"66":0,"67":12,"68":12,"69":12,"70":0,"71":0,"72":0,"73":0,"74":0,"75":0,"76":0,"77":0,"78":0,"79":0,"80":0,"81":0,"82":0},"f":{"0":3,"1":3,"2":3,"3":3,"4":3,"5":0,"6":0,"7":0,"8":0,"9":0,"10":0,"11":0,"12":0,"13":0,"14":0,"15":0,"16":0,"17":0,"18":3,"19":3,"20":3,"21":0,"22":3,"23":3,"24":3,"25":0,"26":0,"27":0,"28":0,"29":0,"30":0,"31":0,"32":0,"33":0,"34":12,"35":0,"36":0,"37":0,"38":0,"39":0,"40":0,"41":0,"42":0},"b":{"0":[0,3],"1":[0,0],"2":[0,0],"3":[0,0],"4":[12,0]},"_coverageSchema":"1a1c01bbd47fc00a2c39e90264f33305004495a9","hash":"721d289b952c45cef0755d8c9fb677489d504a76"}
,"/Users/learnacademy/Desktop/pokedeck_capstone_app/app/javascript/components/mockBinderSleeves.js": {"path":"/Users/learnacademy/Desktop/pokedeck_capstone_app/app/javascript/components/mockBinderSleeves.js","statementMap":{"0":{"start":{"line":1,"column":17},"end":{"line":104,"column":1}}},"fnMap":{},"branchMap":{},"s":{"0":1},"f":{},"b":{},"_coverageSchema":"1a1c01bbd47fc00a2c39e90264f33305004495a9","hash":"8161021164d4d766fe90b79803d68eca86c7e7fb"}
,"/Users/learnacademy/Desktop/pokedeck_capstone_app/app/javascript/components/mockData.js": {"path":"/Users/learnacademy/Desktop/pokedeck_capstone_app/app/javascript/components/mockData.js","statementMap":{"0":{"start":{"line":1,"column":16},"end":{"line":99,"column":3}}},"fnMap":{},"branchMap":{},"s":{"0":1},"f":{},"b":{},"_coverageSchema":"1a1c01bbd47fc00a2c39e90264f33305004495a9","hash":"40990e1bd763831fd7758a32f3e3fd3b28c4397a"}
,"/Users/learnacademy/Desktop/pokedeck_capstone_app/app/javascript/components/mockRankings.js": {"path":"/Users/learnacademy/Desktop/pokedeck_capstone_app/app/javascript/components/mockRankings.js","statementMap":{"0":{"start":{"line":1,"column":19},"end":{"line":22,"column":1}}},"fnMap":{},"branchMap":{},"s":{"0":1},"f":{},"b":{},"_coverageSchema":"1a1c01bbd47fc00a2c39e90264f33305004495a9","hash":"b9dc114cbf546fbdbb92dd5b619a5a07135ba75b"}
,"/Users/learnacademy/Desktop/pokedeck_capstone_app/app/javascript/components/mockUserRanking.js": {"path":"/Users/learnacademy/Desktop/pokedeck_capstone_app/app/javascript/components/mockUserRanking.js","statementMap":{"0":{"start":{"line":1,"column":15},"end":{"line":6,"column":1}}},"fnMap":{},"branchMap":{},"s":{"0":1},"f":{},"b":{},"_coverageSchema":"1a1c01bbd47fc00a2c39e90264f33305004495a9","hash":"a23d26a82ecf9b815977ebc40c5461a696c06256"}
,"/Users/learnacademy/Desktop/pokedeck_capstone_app/app/javascript/components/mockUsers.js": {"path":"/Users/learnacademy/Desktop/pokedeck_capstone_app/app/javascript/components/mockUsers.js","statementMap":{"0":{"start":{"line":1,"column":16},"end":{"line":13,"column":1}}},"fnMap":{},"branchMap":{},"s":{"0":1},"f":{},"b":{},"_coverageSchema":"1a1c01bbd47fc00a2c39e90264f33305004495a9","hash":"bf7971751394d77d43d2b4007cf887346bf33673"}
,"/Users/learnacademy/Desktop/pokedeck_capstone_app/app/javascript/components/components/Footer.js": {"path":"/Users/learnacademy/Desktop/pokedeck_capstone_app/app/javascript/components/components/Footer.js","statementMap":{"0":{"start":{"line":9,"column":4},"end":{"line":17,"column":5}}},"fnMap":{"0":{"name":"(anonymous_0)","decl":{"start":{"line":8,"column":0},"end":{"line":8,"column":1}},"loc":{"start":{"line":8,"column":9},"end":{"line":18,"column":5}},"line":8}},"branchMap":{},"s":{"0":1},"f":{"0":1},"b":{},"_coverageSchema":"1a1c01bbd47fc00a2c39e90264f33305004495a9","hash":"3ed33edc30ab1386265df7bff6d426643ec65db0"}
,"/Users/learnacademy/Desktop/pokedeck_capstone_app/app/javascript/components/components/Header.js": {"path":"/Users/learnacademy/Desktop/pokedeck_capstone_app/app/javascript/components/components/Header.js","statementMap":{"0":{"start":{"line":22,"column":15},"end":{"line":150,"column":3}},"1":{"start":{"line":23,"column":30},"end":{"line":23,"column":45}},"2":{"start":{"line":24,"column":36},"end":{"line":24,"column":51}},"3":{"start":{"line":25,"column":17},"end":{"line":25,"column":41}},"4":{"start":{"line":25,"column":23},"end":{"line":25,"column":41}},"5":{"start":{"line":38,"column":8},"end":{"line":38,"column":13}},"6":{"start":{"line":41,"column":23},"end":{"line":44,"column":3}},"7":{"start":{"line":42,"column":4},"end":{"line":42,"column":41}},"8":{"start":{"line":43,"column":4},"end":{"line":43,"column":22}},"9":{"start":{"line":46,"column":24},"end":{"line":49,"column":3}},"10":{"start":{"line":47,"column":4},"end":{"line":47,"column":43}},"11":{"start":{"line":48,"column":4},"end":{"line":48,"column":22}},"12":{"start":{"line":61,"column":2},"end":{"line":149,"column":4}},"13":{"start":{"line":156,"column":0},"end":{"line":167,"column":27}}},"fnMap":{"0":{"name":"(anonymous_0)","decl":{"start":{"line":22,"column":15},"end":{"line":22,"column":16}},"loc":{"start":{"line":22,"column":26},"end":{"line":150,"column":3}},"line":22},"1":{"name":"(anonymous_1)","decl":{"start":{"line":25,"column":17},"end":{"line":25,"column":18}},"loc":{"start":{"line":25,"column":23},"end":{"line":25,"column":41}},"line":25},"2":{"name":"(anonymous_2)","decl":{"start":{"line":41,"column":23},"end":{"line":41,"column":24}},"loc":{"start":{"line":41,"column":29},"end":{"line":44,"column":3}},"line":41},"3":{"name":"(anonymous_3)","decl":{"start":{"line":46,"column":24},"end":{"line":46,"column":25}},"loc":{"start":{"line":46,"column":30},"end":{"line":49,"column":3}},"line":46}},"branchMap":{"0":{"loc":{"start":{"line":79,"column":14},"end":{"line":88,"column":15}},"type":"binary-expr","locations":[{"start":{"line":79,"column":14},"end":{"line":79,"column":23}},{"start":{"line":80,"column":12},"end":{"line":88,"column":15}}],"line":79},"1":{"loc":{"start":{"line":93,"column":14},"end":{"line":98,"column":15}},"type":"binary-expr","locations":[{"start":{"line":93,"column":14},"end":{"line":93,"column":23}},{"start":{"line":93,"column":27},"end":{"line":93,"column":41}},{"start":{"line":94,"column":12},"end":{"line":98,"column":15}}],"line":93},"2":{"loc":{"start":{"line":101,"column":14},"end":{"line":106,"column":15}},"type":"binary-expr","locations":[{"start":{"line":101,"column":14},"end":{"line":101,"column":23}},{"start":{"line":101,"column":27},"end":{"line":101,"column":51}},{"start":{"line":102,"column":12},"end":{"line":106,"column":15}}],"line":101},"3":{"loc":{"start":{"line":110,"column":14},"end":{"line":129,"column":15}},"type":"binary-expr","locations":[{"start":{"line":110,"column":14},"end":{"line":110,"column":23}},{"start":{"line":111,"column":12},"end":{"line":129,"column":15}}],"line":110},"4":{"loc":{"start":{"line":132,"column":14},"end":{"line":140,"column":17}},"type":"binary-expr","locations":[{"start":{"line":132,"column":14},"end":{"line":132,"column":24}},{"start":{"line":133,"column":14},"end":{"line":140,"column":17}}],"line":132},"5":{"loc":{"start":{"line":147,"column":6},"end":{"line":147,"column":51}},"type":"binary-expr","locations":[{"start":{"line":147,"column":6},"end":{"line":147,"column":15}},{"start":{"line":147,"column":19},"end":{"line":147,"column":51}}],"line":147}},"s":{"0":2,"1":1,"2":1,"3":1,"4":0,"5":1,"6":1,"7":0,"8":0,"9":1,"10":0,"11":0,"12":1,"13":2},"f":{"0":1,"1":0,"2":0,"3":0},"b":{"0":[1,0],"1":[1,0,0],"2":[1,0,0],"3":[1,0],"4":[1,1],"5":[1,0]},"_coverageSchema":"1a1c01bbd47fc00a2c39e90264f33305004495a9","hash":"e9517c006f5db112b59070c4da98a1913e53f89a"}
,"/Users/learnacademy/Desktop/pokedeck_capstone_app/app/javascript/components/pages/AboutUs.js": {"path":"/Users/learnacademy/Desktop/pokedeck_capstone_app/app/javascript/components/pages/AboutUs.js","statementMap":{"0":{"start":{"line":6,"column":16},"end":{"line":73,"column":1}},"1":{"start":{"line":8,"column":2},"end":{"line":72,"column":4}}},"fnMap":{"0":{"name":"(anonymous_0)","decl":{"start":{"line":6,"column":16},"end":{"line":6,"column":17}},"loc":{"start":{"line":6,"column":27},"end":{"line":73,"column":1}},"line":6}},"branchMap":{},"s":{"0":2,"1":1},"f":{"0":1},"b":{},"_coverageSchema":"1a1c01bbd47fc00a2c39e90264f33305004495a9","hash":"0bca383b2668a9c1300e3feca7b1d4e29bd7433b"}
,"/Users/learnacademy/Desktop/pokedeck_capstone_app/app/javascript/components/pages/BinderShow.js": {"path":"/Users/learnacademy/Desktop/pokedeck_capstone_app/app/javascript/components/pages/BinderShow.js","statementMap":{"0":{"start":{"line":12,"column":4},"end":{"line":12,"column":16}},"1":{"start":{"line":13,"column":4},"end":{"line":15,"column":5}},"2":{"start":{"line":17,"column":16},"end":{"line":21,"column":1}},"3":{"start":{"line":19,"column":4},"end":{"line":19,"column":41}},"4":{"start":{"line":20,"column":4},"end":{"line":20,"column":53}},"5":{"start":{"line":24,"column":4},"end":{"line":24,"column":57}},"6":{"start":{"line":25,"column":4},"end":{"line":25,"column":56}},"7":{"start":{"line":26,"column":4},"end":{"line":28,"column":5}},"8":{"start":{"line":27,"column":6},"end":{"line":27,"column":63}},"9":{"start":{"line":33,"column":17},"end":{"line":33,"column":44}},"10":{"start":{"line":36,"column":4},"end":{"line":70,"column":5}}},"fnMap":{"0":{"name":"(anonymous_0)","decl":{"start":{"line":11,"column":2},"end":{"line":11,"column":3}},"loc":{"start":{"line":11,"column":20},"end":{"line":16,"column":3}},"line":11},"1":{"name":"(anonymous_1)","decl":{"start":{"line":17,"column":16},"end":{"line":17,"column":17}},"loc":{"start":{"line":17,"column":27},"end":{"line":21,"column":1}},"line":17},"2":{"name":"(anonymous_2)","decl":{"start":{"line":23,"column":2},"end":{"line":23,"column":3}},"loc":{"start":{"line":23,"column":42},"end":{"line":29,"column":3}},"line":23},"3":{"name":"(anonymous_3)","decl":{"start":{"line":31,"column":2},"end":{"line":31,"column":3}},"loc":{"start":{"line":31,"column":11},"end":{"line":71,"column":3}},"line":31}},"branchMap":{"0":{"loc":{"start":{"line":26,"column":4},"end":{"line":28,"column":5}},"type":"if","locations":[{"start":{"line":26,"column":4},"end":{"line":28,"column":5}},{"start":{"line":26,"column":4},"end":{"line":28,"column":5}}],"line":26},"1":{"loc":{"start":{"line":38,"column":10},"end":{"line":58,"column":11}},"type":"binary-expr","locations":[{"start":{"line":38,"column":10},"end":{"line":38,"column":14}},{"start":{"line":39,"column":8},"end":{"line":58,"column":11}}],"line":38},"2":{"loc":{"start":{"line":60,"column":10},"end":{"line":67,"column":13}},"type":"binary-expr","locations":[{"start":{"line":60,"column":10},"end":{"line":60,"column":15}},{"start":{"line":61,"column":8},"end":{"line":67,"column":13}}],"line":60}},"s":{"0":2,"1":2,"2":2,"3":1,"4":1,"5":1,"6":1,"7":1,"8":1,"9":3,"10":3},"f":{"0":2,"1":1,"2":1,"3":3},"b":{"0":[1,0],"1":[3,3],"2":[3,0]},"_coverageSchema":"1a1c01bbd47fc00a2c39e90264f33305004495a9","hash":"c58834ca94f642b0f7344358767e81a71437c5b6"}
,"/Users/learnacademy/Desktop/pokedeck_capstone_app/app/javascript/components/pages/CardShow.js": {"path":"/Users/learnacademy/Desktop/pokedeck_capstone_app/app/javascript/components/pages/CardShow.js","statementMap":{"0":{"start":{"line":7,"column":17},"end":{"line":7,"column":32}},"1":{"start":{"line":9,"column":4},"end":{"line":21,"column":5}}},"fnMap":{"0":{"name":"(anonymous_0)","decl":{"start":{"line":6,"column":2},"end":{"line":6,"column":3}},"loc":{"start":{"line":6,"column":11},"end":{"line":22,"column":3}},"line":6}},"branchMap":{},"s":{"0":1,"1":1},"f":{"0":1},"b":{},"_coverageSchema":"1a1c01bbd47fc00a2c39e90264f33305004495a9","hash":"6398f4c4e57b183ec091c8b02f9f69a84ea88102"}
,"/Users/learnacademy/Desktop/pokedeck_capstone_app/app/javascript/components/pages/Home.js": {"path":"/Users/learnacademy/Desktop/pokedeck_capstone_app/app/javascript/components/pages/Home.js","statementMap":{"0":{"start":{"line":24,"column":10},"end":{"line":24,"column":20}},"1":{"start":{"line":27,"column":4},"end":{"line":49,"column":5}},"2":{"start":{"line":34,"column":12},"end":{"line":44,"column":9}}},"fnMap":{"0":{"name":"(anonymous_0)","decl":{"start":{"line":17,"column":0},"end":{"line":17,"column":1}},"loc":{"start":{"line":17,"column":9},"end":{"line":50,"column":5}},"line":17},"1":{"name":"(anonymous_1)","decl":{"start":{"line":33,"column":50},"end":{"line":33,"column":51}},"loc":{"start":{"line":33,"column":67},"end":{"line":44,"column":10}},"line":33}},"branchMap":{"0":{"loc":{"start":{"line":33,"column":9},"end":{"line":44,"column":11}},"type":"binary-expr","locations":[{"start":{"line":33,"column":9},"end":{"line":33,"column":25}},{"start":{"line":33,"column":29},"end":{"line":44,"column":11}}],"line":33}},"s":{"0":2,"1":2,"2":2},"f":{"0":2,"1":2},"b":{"0":[2,2]},"_coverageSchema":"1a1c01bbd47fc00a2c39e90264f33305004495a9","hash":"752e04d01a706344f64809082b859afd36779164"}
,"/Users/learnacademy/Desktop/pokedeck_capstone_app/app/javascript/components/pages/NotFound.js": {"path":"/Users/learnacademy/Desktop/pokedeck_capstone_app/app/javascript/components/pages/NotFound.js","statementMap":{"0":{"start":{"line":9,"column":4},"end":{"line":17,"column":5}}},"fnMap":{"0":{"name":"(anonymous_0)","decl":{"start":{"line":8,"column":0},"end":{"line":8,"column":1}},"loc":{"start":{"line":8,"column":9},"end":{"line":18,"column":5}},"line":8}},"branchMap":{},"s":{"0":1},"f":{"0":1},"b":{},"_coverageSchema":"1a1c01bbd47fc00a2c39e90264f33305004495a9","hash":"c3e77149e5251ef685c2ded52cfd025e5f824eb8"}
,"/Users/learnacademy/Desktop/pokedeck_capstone_app/app/javascript/components/pages/Rankings.js": {"path":"/Users/learnacademy/Desktop/pokedeck_capstone_app/app/javascript/components/pages/Rankings.js","statementMap":{"0":{"start":{"line":7,"column":6},"end":{"line":7,"column":38}},"1":{"start":{"line":13,"column":12},"end":{"line":13,"column":22}},"2":{"start":{"line":14,"column":2},"end":{"line":38,"column":4}},"3":{"start":{"line":27,"column":8},"end":{"line":35,"column":7}}},"fnMap":{"0":{"name":"(anonymous_0)","decl":{"start":{"line":6,"column":2},"end":{"line":6,"column":3}},"loc":{"start":{"line":6,"column":11},"end":{"line":39,"column":1}},"line":6},"1":{"name":"(anonymous_1)","decl":{"start":{"line":25,"column":54},"end":{"line":25,"column":55}},"loc":{"start":{"line":25,"column":74},"end":{"line":35,"column":8}},"line":25}},"branchMap":{"0":{"loc":{"start":{"line":25,"column":7},"end":{"line":35,"column":9}},"type":"binary-expr","locations":[{"start":{"line":25,"column":7},"end":{"line":25,"column":26}},{"start":{"line":25,"column":30},"end":{"line":35,"column":9}}],"line":25}},"s":{"0":1,"1":1,"2":1,"3":0},"f":{"0":1,"1":0},"b":{"0":[1,0]},"_coverageSchema":"1a1c01bbd47fc00a2c39e90264f33305004495a9","hash":"668a41b37db2d6e7688bf57e4bb86537a8c573f4"}
,"/Users/learnacademy/Desktop/pokedeck_capstone_app/app/javascript/components/pages/Splash.js": {"path":"/Users/learnacademy/Desktop/pokedeck_capstone_app/app/javascript/components/pages/Splash.js","statementMap":{"0":{"start":{"line":11,"column":6},"end":{"line":11,"column":18}},"1":{"start":{"line":13,"column":6},"end":{"line":16,"column":7}},"2":{"start":{"line":17,"column":6},"end":{"line":17,"column":50}},"3":{"start":{"line":18,"column":6},"end":{"line":18,"column":52}},"4":{"start":{"line":21,"column":6},"end":{"line":21,"column":38}},"5":{"start":{"line":25,"column":7},"end":{"line":25,"column":40}},"6":{"start":{"line":29,"column":4},"end":{"line":71,"column":5}}},"fnMap":{"0":{"name":"(anonymous_0)","decl":{"start":{"line":10,"column":2},"end":{"line":10,"column":3}},"loc":{"start":{"line":10,"column":22},"end":{"line":19,"column":3}},"line":10},"1":{"name":"(anonymous_1)","decl":{"start":{"line":20,"column":4},"end":{"line":20,"column":5}},"loc":{"start":{"line":20,"column":18},"end":{"line":22,"column":5}},"line":20},"2":{"name":"(anonymous_2)","decl":{"start":{"line":24,"column":5},"end":{"line":24,"column":6}},"loc":{"start":{"line":24,"column":20},"end":{"line":26,"column":6}},"line":24},"3":{"name":"(anonymous_3)","decl":{"start":{"line":28,"column":0},"end":{"line":28,"column":1}},"loc":{"start":{"line":28,"column":9},"end":{"line":72,"column":3}},"line":28}},"branchMap":{},"s":{"0":1,"1":1,"2":1,"3":1,"4":0,"5":0,"6":1},"f":{"0":1,"1":0,"2":0,"3":1},"b":{},"_coverageSchema":"1a1c01bbd47fc00a2c39e90264f33305004495a9","hash":"dabfa49ac4ba16620e6c1d2317dae8549c473705"}
,"/Users/learnacademy/Desktop/pokedeck_capstone_app/app/javascript/components/pages/UserCardIndex.js": {"path":"/Users/learnacademy/Desktop/pokedeck_capstone_app/app/javascript/components/pages/UserCardIndex.js","statementMap":{"0":{"start":{"line":14,"column":8},"end":{"line":35,"column":9}},"1":{"start":{"line":20,"column":48},"end":{"line":20,"column":54}},"2":{"start":{"line":21,"column":28},"end":{"line":31,"column":29}}},"fnMap":{"0":{"name":"(anonymous_0)","decl":{"start":{"line":11,"column":4},"end":{"line":11,"column":5}},"loc":{"start":{"line":11,"column":13},"end":{"line":36,"column":5}},"line":11},"1":{"name":"(anonymous_1)","decl":{"start":{"line":19,"column":80},"end":{"line":19,"column":81}},"loc":{"start":{"line":19,"column":99},"end":{"line":32,"column":25}},"line":19}},"branchMap":{"0":{"loc":{"start":{"line":19,"column":25},"end":{"line":32,"column":26}},"type":"binary-expr","locations":[{"start":{"line":19,"column":25},"end":{"line":19,"column":48}},{"start":{"line":19,"column":52},"end":{"line":32,"column":26}}],"line":19}},"s":{"0":2,"1":6,"2":6},"f":{"0":2,"1":6},"b":{"0":[2,2]},"_coverageSchema":"1a1c01bbd47fc00a2c39e90264f33305004495a9","hash":"dc03dc54fed4492ae904fe10aa0498e3a2221593"}
}
