TN:
SF:app/javascript/components/App.js
FN:24,(anonymous_0)
FN:37,(anonymous_1)
FN:47,(anonymous_2)
FN:49,(anonymous_3)
FN:52,(anonymous_4)
FN:55,(anonymous_5)
FN:60,(anonymous_6)
FN:62,(anonymous_7)
FN:65,(anonymous_8)
FN:69,(anonymous_9)
FN:74,(anonymous_10)
FN:78,(anonymous_11)
FN:85,(anonymous_12)
FN:92,(anonymous_13)
FN:97,(anonymous_14)
FN:101,(anonymous_15)
FN:108,(anonymous_16)
FN:114,(anonymous_17)
FN:119,(anonymous_18)
FN:121,(anonymous_19)
FN:124,(anonymous_20)
FN:127,(anonymous_21)
FN:132,(anonymous_22)
FN:134,(anonymous_23)
FN:137,(anonymous_24)
FN:140,(anonymous_25)
FN:145,(anonymous_26)
FN:147,(anonymous_27)
FN:151,(anonymous_28)
FN:155,(anonymous_29)
FN:160,(anonymous_30)
FN:169,(anonymous_31)
FN:175,(anonymous_32)
FN:178,(anonymous_33)
FN:184,(anonymous_34)
FN:216,(anonymous_35)
FN:218,(anonymous_36)
FN:220,(anonymous_37)
FN:222,(anonymous_38)
FN:228,(anonymous_39)
FN:229,(anonymous_40)
FN:235,(anonymous_41)
FN:237,(anonymous_42)
FNF:43
FNH:12
FNDA:3,(anonymous_0)
FNDA:3,(anonymous_1)
FNDA:3,(anonymous_2)
FNDA:3,(anonymous_3)
FNDA:3,(anonymous_4)
FNDA:0,(anonymous_5)
FNDA:0,(anonymous_6)
FNDA:0,(anonymous_7)
FNDA:0,(anonymous_8)
FNDA:0,(anonymous_9)
FNDA:0,(anonymous_10)
FNDA:0,(anonymous_11)
FNDA:0,(anonymous_12)
FNDA:0,(anonymous_13)
FNDA:0,(anonymous_14)
FNDA:0,(anonymous_15)
FNDA:0,(anonymous_16)
FNDA:0,(anonymous_17)
FNDA:3,(anonymous_18)
FNDA:3,(anonymous_19)
FNDA:3,(anonymous_20)
FNDA:0,(anonymous_21)
FNDA:3,(anonymous_22)
FNDA:3,(anonymous_23)
FNDA:3,(anonymous_24)
FNDA:0,(anonymous_25)
FNDA:0,(anonymous_26)
FNDA:0,(anonymous_27)
FNDA:0,(anonymous_28)
FNDA:0,(anonymous_29)
FNDA:0,(anonymous_30)
FNDA:0,(anonymous_31)
FNDA:0,(anonymous_32)
FNDA:0,(anonymous_33)
FNDA:12,(anonymous_34)
FNDA:0,(anonymous_35)
FNDA:0,(anonymous_36)
FNDA:0,(anonymous_37)
FNDA:0,(anonymous_38)
FNDA:0,(anonymous_39)
FNDA:0,(anonymous_40)
FNDA:0,(anonymous_41)
FNDA:0,(anonymous_42)
DA:25,3
DA:26,3
DA:38,3
DA:39,0
DA:40,0
DA:42,3
DA:43,3
DA:44,3
DA:47,3
DA:48,3
DA:50,3
DA:53,3
DA:56,0
DA:60,3
DA:61,0
DA:63,0
DA:66,0
DA:67,0
DA:70,0
DA:74,3
DA:75,0
DA:79,0
DA:80,0
DA:81,0
DA:83,0
DA:86,0
DA:87,0
DA:88,0
DA:89,0
DA:90,0
DA:93,0
DA:97,3
DA:98,0
DA:102,0
DA:103,0
DA:104,0
DA:106,0
DA:109,0
DA:110,0
DA:111,0
DA:112,0
DA:115,0
DA:119,3
DA:120,3
DA:122,3
DA:125,3
DA:128,0
DA:132,3
DA:133,3
DA:135,3
DA:138,3
DA:141,0
DA:145,3
DA:146,0
DA:148,0
DA:149,0
DA:152,0
DA:153,0
DA:156,0
DA:160,3
DA:161,0
DA:162,0
DA:170,0
DA:171,0
DA:173,0
DA:176,0
DA:179,0
DA:191,12
DA:192,12
DA:196,12
DA:216,0
DA:218,0
DA:221,0
DA:222,0
DA:223,0
DA:229,0
DA:230,0
DA:232,0
DA:236,0
DA:237,0
DA:238,0
LF:81
LH:26
BRDA:38,0,0,0
BRDA:38,0,1,3
BRDA:80,1,0,0
BRDA:80,1,1,0
BRDA:103,2,0,0
BRDA:103,2,1,0
BRDA:170,3,0,0
BRDA:170,3,1,0
BRDA:200,4,0,12
BRDA:200,4,1,0
BRF:10
BRH:2
end_of_record
TN:
SF:app/javascript/components/mockBinderSleeves.js
FNF:0
FNH:0
DA:1,1
LF:1
LH:1
BRF:0
BRH:0
end_of_record
TN:
SF:app/javascript/components/mockData.js
FNF:0
FNH:0
DA:1,1
LF:1
LH:1
BRF:0
BRH:0
end_of_record
TN:
SF:app/javascript/components/mockRankings.js
FNF:0
FNH:0
DA:1,1
LF:1
LH:1
BRF:0
BRH:0
end_of_record
TN:
SF:app/javascript/components/mockUserRanking.js
FNF:0
FNH:0
DA:1,1
LF:1
LH:1
BRF:0
BRH:0
end_of_record
TN:
SF:app/javascript/components/mockUsers.js
FNF:0
FNH:0
DA:1,1
LF:1
LH:1
BRF:0
BRH:0
end_of_record
TN:
SF:app/javascript/components/components/Footer.js
FN:8,(anonymous_0)
FNF:1
FNH:1
FNDA:1,(anonymous_0)
DA:9,1
LF:1
LH:1
BRF:0
BRH:0
end_of_record
TN:
SF:app/javascript/components/components/Header.js
FN:22,(anonymous_0)
FN:25,(anonymous_1)
FN:41,(anonymous_2)
FN:46,(anonymous_3)
FNF:4
FNH:1
FNDA:1,(anonymous_0)
FNDA:0,(anonymous_1)
FNDA:0,(anonymous_2)
FNDA:0,(anonymous_3)
DA:22,2
DA:23,1
DA:24,1
DA:25,1
DA:38,1
DA:41,1
DA:42,0
DA:43,0
DA:46,1
DA:47,0
DA:48,0
DA:61,1
DA:156,2
LF:13
LH:9
BRDA:79,0,0,1
BRDA:79,0,1,0
BRDA:93,1,0,1
BRDA:93,1,1,0
BRDA:93,1,2,0
BRDA:101,2,0,1
BRDA:101,2,1,0
BRDA:101,2,2,0
BRDA:110,3,0,1
BRDA:110,3,1,0
BRDA:132,4,0,1
BRDA:132,4,1,1
BRDA:147,5,0,1
BRDA:147,5,1,0
BRF:14
BRH:7
end_of_record
TN:
SF:app/javascript/components/pages/AboutUs.js
FN:6,(anonymous_0)
FNF:1
FNH:1
FNDA:1,(anonymous_0)
DA:6,2
DA:8,1
LF:2
LH:2
BRF:0
BRH:0
end_of_record
TN:
SF:app/javascript/components/pages/BinderShow.js
FN:11,(anonymous_0)
FN:17,(anonymous_1)
FN:23,(anonymous_2)
FN:31,(anonymous_3)
FNF:4
FNH:4
FNDA:2,(anonymous_0)
FNDA:1,(anonymous_1)
FNDA:1,(anonymous_2)
FNDA:3,(anonymous_3)
DA:12,2
DA:13,2
DA:17,2
DA:19,1
DA:20,1
DA:24,1
DA:25,1
DA:26,1
DA:27,1
DA:33,3
DA:36,3
LF:11
LH:11
BRDA:26,0,0,1
BRDA:26,0,1,0
BRDA:38,1,0,3
BRDA:38,1,1,3
BRDA:60,2,0,3
BRDA:60,2,1,0
BRF:6
BRH:4
end_of_record
TN:
SF:app/javascript/components/pages/CardShow.js
FN:6,(anonymous_0)
FNF:1
FNH:1
FNDA:1,(anonymous_0)
DA:7,1
DA:9,1
LF:2
LH:2
BRF:0
BRH:0
end_of_record
TN:
SF:app/javascript/components/pages/Home.js
FN:17,(anonymous_0)
FN:33,(anonymous_1)
FNF:2
FNH:2
FNDA:2,(anonymous_0)
FNDA:2,(anonymous_1)
DA:24,2
DA:27,2
DA:34,2
LF:3
LH:3
BRDA:33,0,0,2
BRDA:33,0,1,2
BRF:2
BRH:2
end_of_record
TN:
SF:app/javascript/components/pages/NotFound.js
FN:8,(anonymous_0)
FNF:1
FNH:1
FNDA:1,(anonymous_0)
DA:9,1
LF:1
LH:1
BRF:0
BRH:0
end_of_record
TN:
SF:app/javascript/components/pages/Rankings.js
FN:6,(anonymous_0)
FN:25,(anonymous_1)
FNF:2
FNH:1
FNDA:1,(anonymous_0)
FNDA:0,(anonymous_1)
DA:7,1
DA:13,1
DA:14,1
DA:27,0
LF:4
LH:3
BRDA:25,0,0,1
BRDA:25,0,1,0
BRF:2
BRH:1
end_of_record
TN:
SF:app/javascript/components/pages/Splash.js
FN:10,(anonymous_0)
FN:20,(anonymous_1)
FN:24,(anonymous_2)
FN:28,(anonymous_3)
FNF:4
FNH:2
FNDA:1,(anonymous_0)
FNDA:0,(anonymous_1)
FNDA:0,(anonymous_2)
FNDA:1,(anonymous_3)
DA:11,1
DA:13,1
DA:17,1
DA:18,1
DA:21,0
DA:25,0
DA:29,1
LF:7
LH:5
BRF:0
BRH:0
end_of_record
TN:
SF:app/javascript/components/pages/UserCardIndex.js
FN:11,(anonymous_0)
FN:19,(anonymous_1)
FNF:2
FNH:2
FNDA:2,(anonymous_0)
FNDA:6,(anonymous_1)
DA:14,2
DA:20,6
DA:21,6
LF:3
LH:3
BRDA:19,0,0,2
BRDA:19,0,1,2
BRF:2
BRH:2
end_of_record
